Determining if the pthread_create exist failed with the following output:
Change Dir: /home/mayco/catkin_ws/build_isolated/carrot_planner/CMakeFiles/CMakeTmp

Run Build Command:"/usr/bin/make" "cmTC_17290/fast"
/usr/bin/make -f CMakeFiles/cmTC_17290.dir/build.make CMakeFiles/cmTC_17290.dir/build
make[1]: Entering directory '/home/mayco/catkin_ws/build_isolated/carrot_planner/CMakeFiles/CMakeTmp'
Building C object CMakeFiles/cmTC_17290.dir/CheckSymbolExists.c.o
/usr/bin/cc    -o CMakeFiles/cmTC_17290.dir/CheckSymbolExists.c.o   -c /home/mayco/catkin_ws/build_isolated/carrot_planner/CMakeFiles/CMakeTmp/CheckSymbolExists.c
Linking C executable cmTC_17290
/usr/bin/cmake -E cmake_link_script CMakeFiles/cmTC_17290.dir/link.txt --verbose=1
/usr/bin/cc      -rdynamic CMakeFiles/cmTC_17290.dir/CheckSymbolExists.c.o  -o cmTC_17290 
CMakeFiles/cmTC_17290.dir/CheckSymbolExists.c.o: In function `main':
CheckSymbolExists.c:(.text+0x1b): undefined reference to `pthread_create'
collect2: error: ld returned 1 exit status
CMakeFiles/cmTC_17290.dir/build.make:97: recipe for target 'cmTC_17290' failed
make[1]: *** [cmTC_17290] Error 1
make[1]: Leaving directory '/home/mayco/catkin_ws/build_isolated/carrot_planner/CMakeFiles/CMakeTmp'
Makefile:126: recipe for target 'cmTC_17290/fast' failed
make: *** [cmTC_17290/fast] Error 2

File /home/mayco/catkin_ws/build_isolated/carrot_planner/CMakeFiles/CMakeTmp/CheckSymbolExists.c:
/* */
#include <pthread.h>

int main(int argc, char** argv)
{
  (void)argv;
#ifndef pthread_create
  return ((int*)(&pthread_create))[argc];
#else
  (void)argc;
  return 0;
#endif
}

Determining if the function pthread_create exists in the pthreads failed with the following output:
Change Dir: /home/mayco/catkin_ws/build_isolated/carrot_planner/CMakeFiles/CMakeTmp

Run Build Command:"/usr/bin/make" "cmTC_9a79d/fast"
/usr/bin/make -f CMakeFiles/cmTC_9a79d.dir/build.make CMakeFiles/cmTC_9a79d.dir/build
make[1]: Entering directory '/home/mayco/catkin_ws/build_isolated/carrot_planner/CMakeFiles/CMakeTmp'
Building C object CMakeFiles/cmTC_9a79d.dir/CheckFunctionExists.c.o
/usr/bin/cc   -DCHECK_FUNCTION_EXISTS=pthread_create   -o CMakeFiles/cmTC_9a79d.dir/CheckFunctionExists.c.o   -c /usr/share/cmake-3.10/Modules/CheckFunctionExists.c
Linking C executable cmTC_9a79d
/usr/bin/cmake -E cmake_link_script CMakeFiles/cmTC_9a79d.dir/link.txt --verbose=1
/usr/bin/cc  -DCHECK_FUNCTION_EXISTS=pthread_create    -rdynamic CMakeFiles/cmTC_9a79d.dir/CheckFunctionExists.c.o  -o cmTC_9a79d -lpthreads 
/usr/bin/ld: cannot find -lpthreads
collect2: error: ld returned 1 exit status
CMakeFiles/cmTC_9a79d.dir/build.make:97: recipe for target 'cmTC_9a79d' failed
make[1]: *** [cmTC_9a79d] Error 1
make[1]: Leaving directory '/home/mayco/catkin_ws/build_isolated/carrot_planner/CMakeFiles/CMakeTmp'
Makefile:126: recipe for target 'cmTC_9a79d/fast' failed
make: *** [cmTC_9a79d/fast] Error 2


