Determining if the pthread_create exist failed with the following output:
Change Dir: /home/mayco/catkin_ws/build_isolated/rb1_jaco_3fg_moveit_config/CMakeFiles/CMakeTmp

Run Build Command:"/usr/bin/make" "cmTC_7607b/fast"
/usr/bin/make -f CMakeFiles/cmTC_7607b.dir/build.make CMakeFiles/cmTC_7607b.dir/build
make[1]: Entering directory '/home/mayco/catkin_ws/build_isolated/rb1_jaco_3fg_moveit_config/CMakeFiles/CMakeTmp'
Building C object CMakeFiles/cmTC_7607b.dir/CheckSymbolExists.c.o
/usr/bin/cc    -o CMakeFiles/cmTC_7607b.dir/CheckSymbolExists.c.o   -c /home/mayco/catkin_ws/build_isolated/rb1_jaco_3fg_moveit_config/CMakeFiles/CMakeTmp/CheckSymbolExists.c
Linking C executable cmTC_7607b
/usr/bin/cmake -E cmake_link_script CMakeFiles/cmTC_7607b.dir/link.txt --verbose=1
/usr/bin/cc      -rdynamic CMakeFiles/cmTC_7607b.dir/CheckSymbolExists.c.o  -o cmTC_7607b 
CMakeFiles/cmTC_7607b.dir/CheckSymbolExists.c.o: In function `main':
CheckSymbolExists.c:(.text+0x1b): undefined reference to `pthread_create'
collect2: error: ld returned 1 exit status
CMakeFiles/cmTC_7607b.dir/build.make:97: recipe for target 'cmTC_7607b' failed
make[1]: *** [cmTC_7607b] Error 1
make[1]: Leaving directory '/home/mayco/catkin_ws/build_isolated/rb1_jaco_3fg_moveit_config/CMakeFiles/CMakeTmp'
Makefile:126: recipe for target 'cmTC_7607b/fast' failed
make: *** [cmTC_7607b/fast] Error 2

File /home/mayco/catkin_ws/build_isolated/rb1_jaco_3fg_moveit_config/CMakeFiles/CMakeTmp/CheckSymbolExists.c:
/* */
#include <pthread.h>

int main(int argc, char** argv)
{
  (void)argv;
#ifndef pthread_create
  return ((int*)(&pthread_create))[argc];
#else
  (void)argc;
  return 0;
#endif
}

Determining if the function pthread_create exists in the pthreads failed with the following output:
Change Dir: /home/mayco/catkin_ws/build_isolated/rb1_jaco_3fg_moveit_config/CMakeFiles/CMakeTmp

Run Build Command:"/usr/bin/make" "cmTC_69731/fast"
/usr/bin/make -f CMakeFiles/cmTC_69731.dir/build.make CMakeFiles/cmTC_69731.dir/build
make[1]: Entering directory '/home/mayco/catkin_ws/build_isolated/rb1_jaco_3fg_moveit_config/CMakeFiles/CMakeTmp'
Building C object CMakeFiles/cmTC_69731.dir/CheckFunctionExists.c.o
/usr/bin/cc   -DCHECK_FUNCTION_EXISTS=pthread_create   -o CMakeFiles/cmTC_69731.dir/CheckFunctionExists.c.o   -c /usr/share/cmake-3.10/Modules/CheckFunctionExists.c
Linking C executable cmTC_69731
/usr/bin/cmake -E cmake_link_script CMakeFiles/cmTC_69731.dir/link.txt --verbose=1
/usr/bin/cc  -DCHECK_FUNCTION_EXISTS=pthread_create    -rdynamic CMakeFiles/cmTC_69731.dir/CheckFunctionExists.c.o  -o cmTC_69731 -lpthreads 
/usr/bin/ld: cannot find -lpthreads
collect2: error: ld returned 1 exit status
CMakeFiles/cmTC_69731.dir/build.make:97: recipe for target 'cmTC_69731' failed
make[1]: *** [cmTC_69731] Error 1
make[1]: Leaving directory '/home/mayco/catkin_ws/build_isolated/rb1_jaco_3fg_moveit_config/CMakeFiles/CMakeTmp'
Makefile:126: recipe for target 'cmTC_69731/fast' failed
make: *** [cmTC_69731/fast] Error 2


