Determining if the pthread_create exist failed with the following output:
Change Dir: /home/mayco/catkin_ws/build_isolated/tf2/CMakeFiles/CMakeTmp

Run Build Command:"/usr/bin/make" "cmTC_dd175/fast"
/usr/bin/make -f CMakeFiles/cmTC_dd175.dir/build.make CMakeFiles/cmTC_dd175.dir/build
make[1]: Entering directory '/home/mayco/catkin_ws/build_isolated/tf2/CMakeFiles/CMakeTmp'
Building C object CMakeFiles/cmTC_dd175.dir/CheckSymbolExists.c.o
/usr/bin/cc    -o CMakeFiles/cmTC_dd175.dir/CheckSymbolExists.c.o   -c /home/mayco/catkin_ws/build_isolated/tf2/CMakeFiles/CMakeTmp/CheckSymbolExists.c
Linking C executable cmTC_dd175
/usr/bin/cmake -E cmake_link_script CMakeFiles/cmTC_dd175.dir/link.txt --verbose=1
/usr/bin/cc      -rdynamic CMakeFiles/cmTC_dd175.dir/CheckSymbolExists.c.o  -o cmTC_dd175 
CMakeFiles/cmTC_dd175.dir/CheckSymbolExists.c.o: In function `main':
CheckSymbolExists.c:(.text+0x1b): undefined reference to `pthread_create'
collect2: error: ld returned 1 exit status
CMakeFiles/cmTC_dd175.dir/build.make:97: recipe for target 'cmTC_dd175' failed
make[1]: *** [cmTC_dd175] Error 1
make[1]: Leaving directory '/home/mayco/catkin_ws/build_isolated/tf2/CMakeFiles/CMakeTmp'
Makefile:126: recipe for target 'cmTC_dd175/fast' failed
make: *** [cmTC_dd175/fast] Error 2

File /home/mayco/catkin_ws/build_isolated/tf2/CMakeFiles/CMakeTmp/CheckSymbolExists.c:
/* */
#include <pthread.h>

int main(int argc, char** argv)
{
  (void)argv;
#ifndef pthread_create
  return ((int*)(&pthread_create))[argc];
#else
  (void)argc;
  return 0;
#endif
}

Determining if the function pthread_create exists in the pthreads failed with the following output:
Change Dir: /home/mayco/catkin_ws/build_isolated/tf2/CMakeFiles/CMakeTmp

Run Build Command:"/usr/bin/make" "cmTC_37ab8/fast"
/usr/bin/make -f CMakeFiles/cmTC_37ab8.dir/build.make CMakeFiles/cmTC_37ab8.dir/build
make[1]: Entering directory '/home/mayco/catkin_ws/build_isolated/tf2/CMakeFiles/CMakeTmp'
Building C object CMakeFiles/cmTC_37ab8.dir/CheckFunctionExists.c.o
/usr/bin/cc   -DCHECK_FUNCTION_EXISTS=pthread_create   -o CMakeFiles/cmTC_37ab8.dir/CheckFunctionExists.c.o   -c /usr/share/cmake-3.10/Modules/CheckFunctionExists.c
Linking C executable cmTC_37ab8
/usr/bin/cmake -E cmake_link_script CMakeFiles/cmTC_37ab8.dir/link.txt --verbose=1
/usr/bin/cc  -DCHECK_FUNCTION_EXISTS=pthread_create    -rdynamic CMakeFiles/cmTC_37ab8.dir/CheckFunctionExists.c.o  -o cmTC_37ab8 -lpthreads 
/usr/bin/ld: cannot find -lpthreads
collect2: error: ld returned 1 exit status
CMakeFiles/cmTC_37ab8.dir/build.make:97: recipe for target 'cmTC_37ab8' failed
make[1]: *** [cmTC_37ab8] Error 1
make[1]: Leaving directory '/home/mayco/catkin_ws/build_isolated/tf2/CMakeFiles/CMakeTmp'
Makefile:126: recipe for target 'cmTC_37ab8/fast' failed
make: *** [cmTC_37ab8/fast] Error 2


