Determining if the pthread_create exist failed with the following output:
Change Dir: /home/mayco/catkin_ws/build_isolated/rb1_common/CMakeFiles/CMakeTmp

Run Build Command:"/usr/bin/make" "cmTC_14534/fast"
/usr/bin/make -f CMakeFiles/cmTC_14534.dir/build.make CMakeFiles/cmTC_14534.dir/build
make[1]: Entering directory '/home/mayco/catkin_ws/build_isolated/rb1_common/CMakeFiles/CMakeTmp'
Building C object CMakeFiles/cmTC_14534.dir/CheckSymbolExists.c.o
/usr/bin/cc    -o CMakeFiles/cmTC_14534.dir/CheckSymbolExists.c.o   -c /home/mayco/catkin_ws/build_isolated/rb1_common/CMakeFiles/CMakeTmp/CheckSymbolExists.c
Linking C executable cmTC_14534
/usr/bin/cmake -E cmake_link_script CMakeFiles/cmTC_14534.dir/link.txt --verbose=1
/usr/bin/cc      -rdynamic CMakeFiles/cmTC_14534.dir/CheckSymbolExists.c.o  -o cmTC_14534 
CMakeFiles/cmTC_14534.dir/CheckSymbolExists.c.o: In function `main':
CheckSymbolExists.c:(.text+0x1b): undefined reference to `pthread_create'
collect2: error: ld returned 1 exit status
CMakeFiles/cmTC_14534.dir/build.make:97: recipe for target 'cmTC_14534' failed
make[1]: *** [cmTC_14534] Error 1
make[1]: Leaving directory '/home/mayco/catkin_ws/build_isolated/rb1_common/CMakeFiles/CMakeTmp'
Makefile:126: recipe for target 'cmTC_14534/fast' failed
make: *** [cmTC_14534/fast] Error 2

File /home/mayco/catkin_ws/build_isolated/rb1_common/CMakeFiles/CMakeTmp/CheckSymbolExists.c:
/* */
#include <pthread.h>

int main(int argc, char** argv)
{
  (void)argv;
#ifndef pthread_create
  return ((int*)(&pthread_create))[argc];
#else
  (void)argc;
  return 0;
#endif
}

Determining if the function pthread_create exists in the pthreads failed with the following output:
Change Dir: /home/mayco/catkin_ws/build_isolated/rb1_common/CMakeFiles/CMakeTmp

Run Build Command:"/usr/bin/make" "cmTC_d259c/fast"
/usr/bin/make -f CMakeFiles/cmTC_d259c.dir/build.make CMakeFiles/cmTC_d259c.dir/build
make[1]: Entering directory '/home/mayco/catkin_ws/build_isolated/rb1_common/CMakeFiles/CMakeTmp'
Building C object CMakeFiles/cmTC_d259c.dir/CheckFunctionExists.c.o
/usr/bin/cc   -DCHECK_FUNCTION_EXISTS=pthread_create   -o CMakeFiles/cmTC_d259c.dir/CheckFunctionExists.c.o   -c /usr/share/cmake-3.10/Modules/CheckFunctionExists.c
Linking C executable cmTC_d259c
/usr/bin/cmake -E cmake_link_script CMakeFiles/cmTC_d259c.dir/link.txt --verbose=1
/usr/bin/cc  -DCHECK_FUNCTION_EXISTS=pthread_create    -rdynamic CMakeFiles/cmTC_d259c.dir/CheckFunctionExists.c.o  -o cmTC_d259c -lpthreads 
/usr/bin/ld: cannot find -lpthreads
collect2: error: ld returned 1 exit status
CMakeFiles/cmTC_d259c.dir/build.make:97: recipe for target 'cmTC_d259c' failed
make[1]: *** [cmTC_d259c] Error 1
make[1]: Leaving directory '/home/mayco/catkin_ws/build_isolated/rb1_common/CMakeFiles/CMakeTmp'
Makefile:126: recipe for target 'cmTC_d259c/fast' failed
make: *** [cmTC_d259c/fast] Error 2


