Determining if the pthread_create exist failed with the following output:
Change Dir: /home/mayco/catkin_ws/build_isolated/move_base/CMakeFiles/CMakeTmp

Run Build Command:"/usr/bin/make" "cmTC_030cc/fast"
/usr/bin/make -f CMakeFiles/cmTC_030cc.dir/build.make CMakeFiles/cmTC_030cc.dir/build
make[1]: Entering directory '/home/mayco/catkin_ws/build_isolated/move_base/CMakeFiles/CMakeTmp'
Building C object CMakeFiles/cmTC_030cc.dir/CheckSymbolExists.c.o
/usr/bin/cc    -o CMakeFiles/cmTC_030cc.dir/CheckSymbolExists.c.o   -c /home/mayco/catkin_ws/build_isolated/move_base/CMakeFiles/CMakeTmp/CheckSymbolExists.c
Linking C executable cmTC_030cc
/usr/bin/cmake -E cmake_link_script CMakeFiles/cmTC_030cc.dir/link.txt --verbose=1
/usr/bin/cc      -rdynamic CMakeFiles/cmTC_030cc.dir/CheckSymbolExists.c.o  -o cmTC_030cc 
CMakeFiles/cmTC_030cc.dir/CheckSymbolExists.c.o: In function `main':
CheckSymbolExists.c:(.text+0x1b): undefined reference to `pthread_create'
collect2: error: ld returned 1 exit status
CMakeFiles/cmTC_030cc.dir/build.make:97: recipe for target 'cmTC_030cc' failed
make[1]: *** [cmTC_030cc] Error 1
make[1]: Leaving directory '/home/mayco/catkin_ws/build_isolated/move_base/CMakeFiles/CMakeTmp'
Makefile:126: recipe for target 'cmTC_030cc/fast' failed
make: *** [cmTC_030cc/fast] Error 2

File /home/mayco/catkin_ws/build_isolated/move_base/CMakeFiles/CMakeTmp/CheckSymbolExists.c:
/* */
#include <pthread.h>

int main(int argc, char** argv)
{
  (void)argv;
#ifndef pthread_create
  return ((int*)(&pthread_create))[argc];
#else
  (void)argc;
  return 0;
#endif
}

Determining if the function pthread_create exists in the pthreads failed with the following output:
Change Dir: /home/mayco/catkin_ws/build_isolated/move_base/CMakeFiles/CMakeTmp

Run Build Command:"/usr/bin/make" "cmTC_0885a/fast"
/usr/bin/make -f CMakeFiles/cmTC_0885a.dir/build.make CMakeFiles/cmTC_0885a.dir/build
make[1]: Entering directory '/home/mayco/catkin_ws/build_isolated/move_base/CMakeFiles/CMakeTmp'
Building C object CMakeFiles/cmTC_0885a.dir/CheckFunctionExists.c.o
/usr/bin/cc   -DCHECK_FUNCTION_EXISTS=pthread_create   -o CMakeFiles/cmTC_0885a.dir/CheckFunctionExists.c.o   -c /usr/share/cmake-3.10/Modules/CheckFunctionExists.c
Linking C executable cmTC_0885a
/usr/bin/cmake -E cmake_link_script CMakeFiles/cmTC_0885a.dir/link.txt --verbose=1
/usr/bin/cc  -DCHECK_FUNCTION_EXISTS=pthread_create    -rdynamic CMakeFiles/cmTC_0885a.dir/CheckFunctionExists.c.o  -o cmTC_0885a -lpthreads 
/usr/bin/ld: cannot find -lpthreads
collect2: error: ld returned 1 exit status
CMakeFiles/cmTC_0885a.dir/build.make:97: recipe for target 'cmTC_0885a' failed
make[1]: *** [cmTC_0885a] Error 1
make[1]: Leaving directory '/home/mayco/catkin_ws/build_isolated/move_base/CMakeFiles/CMakeTmp'
Makefile:126: recipe for target 'cmTC_0885a/fast' failed
make: *** [cmTC_0885a/fast] Error 2


