Determining if the pthread_create exist failed with the following output:
Change Dir: /home/mayco/catkin_ws/build_isolated/rviz_imu_plugin/CMakeFiles/CMakeTmp

Run Build Command:"/usr/bin/make" "cmTC_20e35/fast"
/usr/bin/make -f CMakeFiles/cmTC_20e35.dir/build.make CMakeFiles/cmTC_20e35.dir/build
make[1]: Entering directory '/home/mayco/catkin_ws/build_isolated/rviz_imu_plugin/CMakeFiles/CMakeTmp'
Building C object CMakeFiles/cmTC_20e35.dir/CheckSymbolExists.c.o
/usr/bin/cc    -o CMakeFiles/cmTC_20e35.dir/CheckSymbolExists.c.o   -c /home/mayco/catkin_ws/build_isolated/rviz_imu_plugin/CMakeFiles/CMakeTmp/CheckSymbolExists.c
Linking C executable cmTC_20e35
/usr/bin/cmake -E cmake_link_script CMakeFiles/cmTC_20e35.dir/link.txt --verbose=1
/usr/bin/cc      -rdynamic CMakeFiles/cmTC_20e35.dir/CheckSymbolExists.c.o  -o cmTC_20e35 
CMakeFiles/cmTC_20e35.dir/CheckSymbolExists.c.o: In function `main':
CheckSymbolExists.c:(.text+0x1b): undefined reference to `pthread_create'
collect2: error: ld returned 1 exit status
CMakeFiles/cmTC_20e35.dir/build.make:97: recipe for target 'cmTC_20e35' failed
make[1]: *** [cmTC_20e35] Error 1
make[1]: Leaving directory '/home/mayco/catkin_ws/build_isolated/rviz_imu_plugin/CMakeFiles/CMakeTmp'
Makefile:126: recipe for target 'cmTC_20e35/fast' failed
make: *** [cmTC_20e35/fast] Error 2

File /home/mayco/catkin_ws/build_isolated/rviz_imu_plugin/CMakeFiles/CMakeTmp/CheckSymbolExists.c:
/* */
#include <pthread.h>

int main(int argc, char** argv)
{
  (void)argv;
#ifndef pthread_create
  return ((int*)(&pthread_create))[argc];
#else
  (void)argc;
  return 0;
#endif
}

Determining if the function pthread_create exists in the pthreads failed with the following output:
Change Dir: /home/mayco/catkin_ws/build_isolated/rviz_imu_plugin/CMakeFiles/CMakeTmp

Run Build Command:"/usr/bin/make" "cmTC_523bb/fast"
/usr/bin/make -f CMakeFiles/cmTC_523bb.dir/build.make CMakeFiles/cmTC_523bb.dir/build
make[1]: Entering directory '/home/mayco/catkin_ws/build_isolated/rviz_imu_plugin/CMakeFiles/CMakeTmp'
Building C object CMakeFiles/cmTC_523bb.dir/CheckFunctionExists.c.o
/usr/bin/cc   -DCHECK_FUNCTION_EXISTS=pthread_create   -o CMakeFiles/cmTC_523bb.dir/CheckFunctionExists.c.o   -c /usr/share/cmake-3.10/Modules/CheckFunctionExists.c
Linking C executable cmTC_523bb
/usr/bin/cmake -E cmake_link_script CMakeFiles/cmTC_523bb.dir/link.txt --verbose=1
/usr/bin/cc  -DCHECK_FUNCTION_EXISTS=pthread_create    -rdynamic CMakeFiles/cmTC_523bb.dir/CheckFunctionExists.c.o  -o cmTC_523bb -lpthreads 
/usr/bin/ld: cannot find -lpthreads
collect2: error: ld returned 1 exit status
CMakeFiles/cmTC_523bb.dir/build.make:97: recipe for target 'cmTC_523bb' failed
make[1]: *** [cmTC_523bb] Error 1
make[1]: Leaving directory '/home/mayco/catkin_ws/build_isolated/rviz_imu_plugin/CMakeFiles/CMakeTmp'
Makefile:126: recipe for target 'cmTC_523bb/fast' failed
make: *** [cmTC_523bb/fast] Error 2


