Determining if the pthread_create exist failed with the following output:
Change Dir: /home/mayco/catkin_ws/build_isolated/mico_moveit_config/CMakeFiles/CMakeTmp

Run Build Command:"/usr/bin/make" "cmTC_14547/fast"
/usr/bin/make -f CMakeFiles/cmTC_14547.dir/build.make CMakeFiles/cmTC_14547.dir/build
make[1]: Entering directory '/home/mayco/catkin_ws/build_isolated/mico_moveit_config/CMakeFiles/CMakeTmp'
Building C object CMakeFiles/cmTC_14547.dir/CheckSymbolExists.c.o
/usr/bin/cc    -o CMakeFiles/cmTC_14547.dir/CheckSymbolExists.c.o   -c /home/mayco/catkin_ws/build_isolated/mico_moveit_config/CMakeFiles/CMakeTmp/CheckSymbolExists.c
Linking C executable cmTC_14547
/usr/bin/cmake -E cmake_link_script CMakeFiles/cmTC_14547.dir/link.txt --verbose=1
/usr/bin/cc      -rdynamic CMakeFiles/cmTC_14547.dir/CheckSymbolExists.c.o  -o cmTC_14547 
CMakeFiles/cmTC_14547.dir/CheckSymbolExists.c.o: In function `main':
CheckSymbolExists.c:(.text+0x1b): undefined reference to `pthread_create'
collect2: error: ld returned 1 exit status
CMakeFiles/cmTC_14547.dir/build.make:97: recipe for target 'cmTC_14547' failed
make[1]: *** [cmTC_14547] Error 1
make[1]: Leaving directory '/home/mayco/catkin_ws/build_isolated/mico_moveit_config/CMakeFiles/CMakeTmp'
Makefile:126: recipe for target 'cmTC_14547/fast' failed
make: *** [cmTC_14547/fast] Error 2

File /home/mayco/catkin_ws/build_isolated/mico_moveit_config/CMakeFiles/CMakeTmp/CheckSymbolExists.c:
/* */
#include <pthread.h>

int main(int argc, char** argv)
{
  (void)argv;
#ifndef pthread_create
  return ((int*)(&pthread_create))[argc];
#else
  (void)argc;
  return 0;
#endif
}

Determining if the function pthread_create exists in the pthreads failed with the following output:
Change Dir: /home/mayco/catkin_ws/build_isolated/mico_moveit_config/CMakeFiles/CMakeTmp

Run Build Command:"/usr/bin/make" "cmTC_d4468/fast"
/usr/bin/make -f CMakeFiles/cmTC_d4468.dir/build.make CMakeFiles/cmTC_d4468.dir/build
make[1]: Entering directory '/home/mayco/catkin_ws/build_isolated/mico_moveit_config/CMakeFiles/CMakeTmp'
Building C object CMakeFiles/cmTC_d4468.dir/CheckFunctionExists.c.o
/usr/bin/cc   -DCHECK_FUNCTION_EXISTS=pthread_create   -o CMakeFiles/cmTC_d4468.dir/CheckFunctionExists.c.o   -c /usr/share/cmake-3.10/Modules/CheckFunctionExists.c
Linking C executable cmTC_d4468
/usr/bin/cmake -E cmake_link_script CMakeFiles/cmTC_d4468.dir/link.txt --verbose=1
/usr/bin/cc  -DCHECK_FUNCTION_EXISTS=pthread_create    -rdynamic CMakeFiles/cmTC_d4468.dir/CheckFunctionExists.c.o  -o cmTC_d4468 -lpthreads 
/usr/bin/ld: cannot find -lpthreads
collect2: error: ld returned 1 exit status
CMakeFiles/cmTC_d4468.dir/build.make:97: recipe for target 'cmTC_d4468' failed
make[1]: *** [cmTC_d4468] Error 1
make[1]: Leaving directory '/home/mayco/catkin_ws/build_isolated/mico_moveit_config/CMakeFiles/CMakeTmp'
Makefile:126: recipe for target 'cmTC_d4468/fast' failed
make: *** [cmTC_d4468/fast] Error 2


