Determining if the pthread_create exist failed with the following output:
Change Dir: /home/mayco/catkin_ws/build_isolated/geographic_info/CMakeFiles/CMakeTmp

Run Build Command:"/usr/bin/make" "cmTC_f474f/fast"
/usr/bin/make -f CMakeFiles/cmTC_f474f.dir/build.make CMakeFiles/cmTC_f474f.dir/build
make[1]: Entering directory '/home/mayco/catkin_ws/build_isolated/geographic_info/CMakeFiles/CMakeTmp'
Building C object CMakeFiles/cmTC_f474f.dir/CheckSymbolExists.c.o
/usr/bin/cc    -o CMakeFiles/cmTC_f474f.dir/CheckSymbolExists.c.o   -c /home/mayco/catkin_ws/build_isolated/geographic_info/CMakeFiles/CMakeTmp/CheckSymbolExists.c
Linking C executable cmTC_f474f
/usr/bin/cmake -E cmake_link_script CMakeFiles/cmTC_f474f.dir/link.txt --verbose=1
/usr/bin/cc      -rdynamic CMakeFiles/cmTC_f474f.dir/CheckSymbolExists.c.o  -o cmTC_f474f 
CMakeFiles/cmTC_f474f.dir/CheckSymbolExists.c.o: In function `main':
CheckSymbolExists.c:(.text+0x1b): undefined reference to `pthread_create'
collect2: error: ld returned 1 exit status
CMakeFiles/cmTC_f474f.dir/build.make:97: recipe for target 'cmTC_f474f' failed
make[1]: *** [cmTC_f474f] Error 1
make[1]: Leaving directory '/home/mayco/catkin_ws/build_isolated/geographic_info/CMakeFiles/CMakeTmp'
Makefile:126: recipe for target 'cmTC_f474f/fast' failed
make: *** [cmTC_f474f/fast] Error 2

File /home/mayco/catkin_ws/build_isolated/geographic_info/CMakeFiles/CMakeTmp/CheckSymbolExists.c:
/* */
#include <pthread.h>

int main(int argc, char** argv)
{
  (void)argv;
#ifndef pthread_create
  return ((int*)(&pthread_create))[argc];
#else
  (void)argc;
  return 0;
#endif
}

Determining if the function pthread_create exists in the pthreads failed with the following output:
Change Dir: /home/mayco/catkin_ws/build_isolated/geographic_info/CMakeFiles/CMakeTmp

Run Build Command:"/usr/bin/make" "cmTC_781aa/fast"
/usr/bin/make -f CMakeFiles/cmTC_781aa.dir/build.make CMakeFiles/cmTC_781aa.dir/build
make[1]: Entering directory '/home/mayco/catkin_ws/build_isolated/geographic_info/CMakeFiles/CMakeTmp'
Building C object CMakeFiles/cmTC_781aa.dir/CheckFunctionExists.c.o
/usr/bin/cc   -DCHECK_FUNCTION_EXISTS=pthread_create   -o CMakeFiles/cmTC_781aa.dir/CheckFunctionExists.c.o   -c /usr/share/cmake-3.10/Modules/CheckFunctionExists.c
Linking C executable cmTC_781aa
/usr/bin/cmake -E cmake_link_script CMakeFiles/cmTC_781aa.dir/link.txt --verbose=1
/usr/bin/cc  -DCHECK_FUNCTION_EXISTS=pthread_create    -rdynamic CMakeFiles/cmTC_781aa.dir/CheckFunctionExists.c.o  -o cmTC_781aa -lpthreads 
/usr/bin/ld: cannot find -lpthreads
collect2: error: ld returned 1 exit status
CMakeFiles/cmTC_781aa.dir/build.make:97: recipe for target 'cmTC_781aa' failed
make[1]: *** [cmTC_781aa] Error 1
make[1]: Leaving directory '/home/mayco/catkin_ws/build_isolated/geographic_info/CMakeFiles/CMakeTmp'
Makefile:126: recipe for target 'cmTC_781aa/fast' failed
make: *** [cmTC_781aa/fast] Error 2


