Determining if the pthread_create exist failed with the following output:
Change Dir: /home/mayco/catkin_ws/build_isolated/rb1_torso_control/CMakeFiles/CMakeTmp

Run Build Command:"/usr/bin/make" "cmTC_6888d/fast"
/usr/bin/make -f CMakeFiles/cmTC_6888d.dir/build.make CMakeFiles/cmTC_6888d.dir/build
make[1]: Entering directory '/home/mayco/catkin_ws/build_isolated/rb1_torso_control/CMakeFiles/CMakeTmp'
Building C object CMakeFiles/cmTC_6888d.dir/CheckSymbolExists.c.o
/usr/bin/cc    -o CMakeFiles/cmTC_6888d.dir/CheckSymbolExists.c.o   -c /home/mayco/catkin_ws/build_isolated/rb1_torso_control/CMakeFiles/CMakeTmp/CheckSymbolExists.c
Linking C executable cmTC_6888d
/usr/bin/cmake -E cmake_link_script CMakeFiles/cmTC_6888d.dir/link.txt --verbose=1
/usr/bin/cc      -rdynamic CMakeFiles/cmTC_6888d.dir/CheckSymbolExists.c.o  -o cmTC_6888d 
CMakeFiles/cmTC_6888d.dir/CheckSymbolExists.c.o: In function `main':
CheckSymbolExists.c:(.text+0x1b): undefined reference to `pthread_create'
collect2: error: ld returned 1 exit status
CMakeFiles/cmTC_6888d.dir/build.make:97: recipe for target 'cmTC_6888d' failed
make[1]: *** [cmTC_6888d] Error 1
make[1]: Leaving directory '/home/mayco/catkin_ws/build_isolated/rb1_torso_control/CMakeFiles/CMakeTmp'
Makefile:126: recipe for target 'cmTC_6888d/fast' failed
make: *** [cmTC_6888d/fast] Error 2

File /home/mayco/catkin_ws/build_isolated/rb1_torso_control/CMakeFiles/CMakeTmp/CheckSymbolExists.c:
/* */
#include <pthread.h>

int main(int argc, char** argv)
{
  (void)argv;
#ifndef pthread_create
  return ((int*)(&pthread_create))[argc];
#else
  (void)argc;
  return 0;
#endif
}

Determining if the function pthread_create exists in the pthreads failed with the following output:
Change Dir: /home/mayco/catkin_ws/build_isolated/rb1_torso_control/CMakeFiles/CMakeTmp

Run Build Command:"/usr/bin/make" "cmTC_1df2c/fast"
/usr/bin/make -f CMakeFiles/cmTC_1df2c.dir/build.make CMakeFiles/cmTC_1df2c.dir/build
make[1]: Entering directory '/home/mayco/catkin_ws/build_isolated/rb1_torso_control/CMakeFiles/CMakeTmp'
Building C object CMakeFiles/cmTC_1df2c.dir/CheckFunctionExists.c.o
/usr/bin/cc   -DCHECK_FUNCTION_EXISTS=pthread_create   -o CMakeFiles/cmTC_1df2c.dir/CheckFunctionExists.c.o   -c /usr/share/cmake-3.10/Modules/CheckFunctionExists.c
Linking C executable cmTC_1df2c
/usr/bin/cmake -E cmake_link_script CMakeFiles/cmTC_1df2c.dir/link.txt --verbose=1
/usr/bin/cc  -DCHECK_FUNCTION_EXISTS=pthread_create    -rdynamic CMakeFiles/cmTC_1df2c.dir/CheckFunctionExists.c.o  -o cmTC_1df2c -lpthreads 
/usr/bin/ld: cannot find -lpthreads
collect2: error: ld returned 1 exit status
CMakeFiles/cmTC_1df2c.dir/build.make:97: recipe for target 'cmTC_1df2c' failed
make[1]: *** [cmTC_1df2c] Error 1
make[1]: Leaving directory '/home/mayco/catkin_ws/build_isolated/rb1_torso_control/CMakeFiles/CMakeTmp'
Makefile:126: recipe for target 'cmTC_1df2c/fast' failed
make: *** [cmTC_1df2c/fast] Error 2


