Determining if the pthread_create exist failed with the following output:
Change Dir: /home/mayco/catkin_ws/build_isolated/rb1_torso_pad/CMakeFiles/CMakeTmp

Run Build Command:"/usr/bin/make" "cmTC_915b2/fast"
/usr/bin/make -f CMakeFiles/cmTC_915b2.dir/build.make CMakeFiles/cmTC_915b2.dir/build
make[1]: Entering directory '/home/mayco/catkin_ws/build_isolated/rb1_torso_pad/CMakeFiles/CMakeTmp'
Building C object CMakeFiles/cmTC_915b2.dir/CheckSymbolExists.c.o
/usr/bin/cc    -o CMakeFiles/cmTC_915b2.dir/CheckSymbolExists.c.o   -c /home/mayco/catkin_ws/build_isolated/rb1_torso_pad/CMakeFiles/CMakeTmp/CheckSymbolExists.c
Linking C executable cmTC_915b2
/usr/bin/cmake -E cmake_link_script CMakeFiles/cmTC_915b2.dir/link.txt --verbose=1
/usr/bin/cc      -rdynamic CMakeFiles/cmTC_915b2.dir/CheckSymbolExists.c.o  -o cmTC_915b2 
CMakeFiles/cmTC_915b2.dir/CheckSymbolExists.c.o: In function `main':
CheckSymbolExists.c:(.text+0x1b): undefined reference to `pthread_create'
collect2: error: ld returned 1 exit status
CMakeFiles/cmTC_915b2.dir/build.make:97: recipe for target 'cmTC_915b2' failed
make[1]: *** [cmTC_915b2] Error 1
make[1]: Leaving directory '/home/mayco/catkin_ws/build_isolated/rb1_torso_pad/CMakeFiles/CMakeTmp'
Makefile:126: recipe for target 'cmTC_915b2/fast' failed
make: *** [cmTC_915b2/fast] Error 2

File /home/mayco/catkin_ws/build_isolated/rb1_torso_pad/CMakeFiles/CMakeTmp/CheckSymbolExists.c:
/* */
#include <pthread.h>

int main(int argc, char** argv)
{
  (void)argv;
#ifndef pthread_create
  return ((int*)(&pthread_create))[argc];
#else
  (void)argc;
  return 0;
#endif
}

Determining if the function pthread_create exists in the pthreads failed with the following output:
Change Dir: /home/mayco/catkin_ws/build_isolated/rb1_torso_pad/CMakeFiles/CMakeTmp

Run Build Command:"/usr/bin/make" "cmTC_f8b23/fast"
/usr/bin/make -f CMakeFiles/cmTC_f8b23.dir/build.make CMakeFiles/cmTC_f8b23.dir/build
make[1]: Entering directory '/home/mayco/catkin_ws/build_isolated/rb1_torso_pad/CMakeFiles/CMakeTmp'
Building C object CMakeFiles/cmTC_f8b23.dir/CheckFunctionExists.c.o
/usr/bin/cc   -DCHECK_FUNCTION_EXISTS=pthread_create   -o CMakeFiles/cmTC_f8b23.dir/CheckFunctionExists.c.o   -c /usr/share/cmake-3.10/Modules/CheckFunctionExists.c
Linking C executable cmTC_f8b23
/usr/bin/cmake -E cmake_link_script CMakeFiles/cmTC_f8b23.dir/link.txt --verbose=1
/usr/bin/cc  -DCHECK_FUNCTION_EXISTS=pthread_create    -rdynamic CMakeFiles/cmTC_f8b23.dir/CheckFunctionExists.c.o  -o cmTC_f8b23 -lpthreads 
/usr/bin/ld: cannot find -lpthreads
collect2: error: ld returned 1 exit status
CMakeFiles/cmTC_f8b23.dir/build.make:97: recipe for target 'cmTC_f8b23' failed
make[1]: *** [cmTC_f8b23] Error 1
make[1]: Leaving directory '/home/mayco/catkin_ws/build_isolated/rb1_torso_pad/CMakeFiles/CMakeTmp'
Makefile:126: recipe for target 'cmTC_f8b23/fast' failed
make: *** [cmTC_f8b23/fast] Error 2


