Determining if the pthread_create exist failed with the following output:
Change Dir: /home/mayco/catkin_ws/build_isolated/base_local_planner/CMakeFiles/CMakeTmp

Run Build Command:"/usr/bin/make" "cmTC_2faa7/fast"
/usr/bin/make -f CMakeFiles/cmTC_2faa7.dir/build.make CMakeFiles/cmTC_2faa7.dir/build
make[1]: Entering directory '/home/mayco/catkin_ws/build_isolated/base_local_planner/CMakeFiles/CMakeTmp'
Building C object CMakeFiles/cmTC_2faa7.dir/CheckSymbolExists.c.o
/usr/bin/cc    -o CMakeFiles/cmTC_2faa7.dir/CheckSymbolExists.c.o   -c /home/mayco/catkin_ws/build_isolated/base_local_planner/CMakeFiles/CMakeTmp/CheckSymbolExists.c
Linking C executable cmTC_2faa7
/usr/bin/cmake -E cmake_link_script CMakeFiles/cmTC_2faa7.dir/link.txt --verbose=1
/usr/bin/cc      -rdynamic CMakeFiles/cmTC_2faa7.dir/CheckSymbolExists.c.o  -o cmTC_2faa7 
CMakeFiles/cmTC_2faa7.dir/CheckSymbolExists.c.o: In function `main':
CheckSymbolExists.c:(.text+0x1b): undefined reference to `pthread_create'
collect2: error: ld returned 1 exit status
CMakeFiles/cmTC_2faa7.dir/build.make:97: recipe for target 'cmTC_2faa7' failed
make[1]: *** [cmTC_2faa7] Error 1
make[1]: Leaving directory '/home/mayco/catkin_ws/build_isolated/base_local_planner/CMakeFiles/CMakeTmp'
Makefile:126: recipe for target 'cmTC_2faa7/fast' failed
make: *** [cmTC_2faa7/fast] Error 2

File /home/mayco/catkin_ws/build_isolated/base_local_planner/CMakeFiles/CMakeTmp/CheckSymbolExists.c:
/* */
#include <pthread.h>

int main(int argc, char** argv)
{
  (void)argv;
#ifndef pthread_create
  return ((int*)(&pthread_create))[argc];
#else
  (void)argc;
  return 0;
#endif
}

Determining if the function pthread_create exists in the pthreads failed with the following output:
Change Dir: /home/mayco/catkin_ws/build_isolated/base_local_planner/CMakeFiles/CMakeTmp

Run Build Command:"/usr/bin/make" "cmTC_fa794/fast"
/usr/bin/make -f CMakeFiles/cmTC_fa794.dir/build.make CMakeFiles/cmTC_fa794.dir/build
make[1]: Entering directory '/home/mayco/catkin_ws/build_isolated/base_local_planner/CMakeFiles/CMakeTmp'
Building C object CMakeFiles/cmTC_fa794.dir/CheckFunctionExists.c.o
/usr/bin/cc   -DCHECK_FUNCTION_EXISTS=pthread_create   -o CMakeFiles/cmTC_fa794.dir/CheckFunctionExists.c.o   -c /usr/share/cmake-3.10/Modules/CheckFunctionExists.c
Linking C executable cmTC_fa794
/usr/bin/cmake -E cmake_link_script CMakeFiles/cmTC_fa794.dir/link.txt --verbose=1
/usr/bin/cc  -DCHECK_FUNCTION_EXISTS=pthread_create    -rdynamic CMakeFiles/cmTC_fa794.dir/CheckFunctionExists.c.o  -o cmTC_fa794 -lpthreads 
/usr/bin/ld: cannot find -lpthreads
collect2: error: ld returned 1 exit status
CMakeFiles/cmTC_fa794.dir/build.make:97: recipe for target 'cmTC_fa794' failed
make[1]: *** [cmTC_fa794] Error 1
make[1]: Leaving directory '/home/mayco/catkin_ws/build_isolated/base_local_planner/CMakeFiles/CMakeTmp'
Makefile:126: recipe for target 'cmTC_fa794/fast' failed
make: *** [cmTC_fa794/fast] Error 2


