Determining if the pthread_create exist failed with the following output:
Change Dir: /home/mayco/catkin_ws/build_isolated/tf2_kdl/CMakeFiles/CMakeTmp

Run Build Command:"/usr/bin/make" "cmTC_70516/fast"
/usr/bin/make -f CMakeFiles/cmTC_70516.dir/build.make CMakeFiles/cmTC_70516.dir/build
make[1]: Entering directory '/home/mayco/catkin_ws/build_isolated/tf2_kdl/CMakeFiles/CMakeTmp'
Building C object CMakeFiles/cmTC_70516.dir/CheckSymbolExists.c.o
/usr/bin/cc    -o CMakeFiles/cmTC_70516.dir/CheckSymbolExists.c.o   -c /home/mayco/catkin_ws/build_isolated/tf2_kdl/CMakeFiles/CMakeTmp/CheckSymbolExists.c
Linking C executable cmTC_70516
/usr/bin/cmake -E cmake_link_script CMakeFiles/cmTC_70516.dir/link.txt --verbose=1
/usr/bin/cc      -rdynamic CMakeFiles/cmTC_70516.dir/CheckSymbolExists.c.o  -o cmTC_70516 
CMakeFiles/cmTC_70516.dir/CheckSymbolExists.c.o: In function `main':
CheckSymbolExists.c:(.text+0x1b): undefined reference to `pthread_create'
collect2: error: ld returned 1 exit status
CMakeFiles/cmTC_70516.dir/build.make:97: recipe for target 'cmTC_70516' failed
make[1]: *** [cmTC_70516] Error 1
make[1]: Leaving directory '/home/mayco/catkin_ws/build_isolated/tf2_kdl/CMakeFiles/CMakeTmp'
Makefile:126: recipe for target 'cmTC_70516/fast' failed
make: *** [cmTC_70516/fast] Error 2

File /home/mayco/catkin_ws/build_isolated/tf2_kdl/CMakeFiles/CMakeTmp/CheckSymbolExists.c:
/* */
#include <pthread.h>

int main(int argc, char** argv)
{
  (void)argv;
#ifndef pthread_create
  return ((int*)(&pthread_create))[argc];
#else
  (void)argc;
  return 0;
#endif
}

Determining if the function pthread_create exists in the pthreads failed with the following output:
Change Dir: /home/mayco/catkin_ws/build_isolated/tf2_kdl/CMakeFiles/CMakeTmp

Run Build Command:"/usr/bin/make" "cmTC_bb551/fast"
/usr/bin/make -f CMakeFiles/cmTC_bb551.dir/build.make CMakeFiles/cmTC_bb551.dir/build
make[1]: Entering directory '/home/mayco/catkin_ws/build_isolated/tf2_kdl/CMakeFiles/CMakeTmp'
Building C object CMakeFiles/cmTC_bb551.dir/CheckFunctionExists.c.o
/usr/bin/cc   -DCHECK_FUNCTION_EXISTS=pthread_create   -o CMakeFiles/cmTC_bb551.dir/CheckFunctionExists.c.o   -c /usr/share/cmake-3.10/Modules/CheckFunctionExists.c
Linking C executable cmTC_bb551
/usr/bin/cmake -E cmake_link_script CMakeFiles/cmTC_bb551.dir/link.txt --verbose=1
/usr/bin/cc  -DCHECK_FUNCTION_EXISTS=pthread_create    -rdynamic CMakeFiles/cmTC_bb551.dir/CheckFunctionExists.c.o  -o cmTC_bb551 -lpthreads 
/usr/bin/ld: cannot find -lpthreads
collect2: error: ld returned 1 exit status
CMakeFiles/cmTC_bb551.dir/build.make:97: recipe for target 'cmTC_bb551' failed
make[1]: *** [cmTC_bb551] Error 1
make[1]: Leaving directory '/home/mayco/catkin_ws/build_isolated/tf2_kdl/CMakeFiles/CMakeTmp'
Makefile:126: recipe for target 'cmTC_bb551/fast' failed
make: *** [cmTC_bb551/fast] Error 2


