Determining if the pthread_create exist failed with the following output:
Change Dir: /home/mayco/catkin_ws/build_isolated/navigation/CMakeFiles/CMakeTmp

Run Build Command:"/usr/bin/make" "cmTC_fbdad/fast"
/usr/bin/make -f CMakeFiles/cmTC_fbdad.dir/build.make CMakeFiles/cmTC_fbdad.dir/build
make[1]: Entering directory '/home/mayco/catkin_ws/build_isolated/navigation/CMakeFiles/CMakeTmp'
Building C object CMakeFiles/cmTC_fbdad.dir/CheckSymbolExists.c.o
/usr/bin/cc    -o CMakeFiles/cmTC_fbdad.dir/CheckSymbolExists.c.o   -c /home/mayco/catkin_ws/build_isolated/navigation/CMakeFiles/CMakeTmp/CheckSymbolExists.c
Linking C executable cmTC_fbdad
/usr/bin/cmake -E cmake_link_script CMakeFiles/cmTC_fbdad.dir/link.txt --verbose=1
/usr/bin/cc      -rdynamic CMakeFiles/cmTC_fbdad.dir/CheckSymbolExists.c.o  -o cmTC_fbdad 
CMakeFiles/cmTC_fbdad.dir/CheckSymbolExists.c.o: In function `main':
CheckSymbolExists.c:(.text+0x1b): undefined reference to `pthread_create'
collect2: error: ld returned 1 exit status
CMakeFiles/cmTC_fbdad.dir/build.make:97: recipe for target 'cmTC_fbdad' failed
make[1]: *** [cmTC_fbdad] Error 1
make[1]: Leaving directory '/home/mayco/catkin_ws/build_isolated/navigation/CMakeFiles/CMakeTmp'
Makefile:126: recipe for target 'cmTC_fbdad/fast' failed
make: *** [cmTC_fbdad/fast] Error 2

File /home/mayco/catkin_ws/build_isolated/navigation/CMakeFiles/CMakeTmp/CheckSymbolExists.c:
/* */
#include <pthread.h>

int main(int argc, char** argv)
{
  (void)argv;
#ifndef pthread_create
  return ((int*)(&pthread_create))[argc];
#else
  (void)argc;
  return 0;
#endif
}

Determining if the function pthread_create exists in the pthreads failed with the following output:
Change Dir: /home/mayco/catkin_ws/build_isolated/navigation/CMakeFiles/CMakeTmp

Run Build Command:"/usr/bin/make" "cmTC_dfd0c/fast"
/usr/bin/make -f CMakeFiles/cmTC_dfd0c.dir/build.make CMakeFiles/cmTC_dfd0c.dir/build
make[1]: Entering directory '/home/mayco/catkin_ws/build_isolated/navigation/CMakeFiles/CMakeTmp'
Building C object CMakeFiles/cmTC_dfd0c.dir/CheckFunctionExists.c.o
/usr/bin/cc   -DCHECK_FUNCTION_EXISTS=pthread_create   -o CMakeFiles/cmTC_dfd0c.dir/CheckFunctionExists.c.o   -c /usr/share/cmake-3.10/Modules/CheckFunctionExists.c
Linking C executable cmTC_dfd0c
/usr/bin/cmake -E cmake_link_script CMakeFiles/cmTC_dfd0c.dir/link.txt --verbose=1
/usr/bin/cc  -DCHECK_FUNCTION_EXISTS=pthread_create    -rdynamic CMakeFiles/cmTC_dfd0c.dir/CheckFunctionExists.c.o  -o cmTC_dfd0c -lpthreads 
/usr/bin/ld: cannot find -lpthreads
collect2: error: ld returned 1 exit status
CMakeFiles/cmTC_dfd0c.dir/build.make:97: recipe for target 'cmTC_dfd0c' failed
make[1]: *** [cmTC_dfd0c] Error 1
make[1]: Leaving directory '/home/mayco/catkin_ws/build_isolated/navigation/CMakeFiles/CMakeTmp'
Makefile:126: recipe for target 'cmTC_dfd0c/fast' failed
make: *** [cmTC_dfd0c/fast] Error 2


