Determining if the pthread_create exist failed with the following output:
Change Dir: /home/mayco/catkin_ws/build_isolated/rb1_base_gazebo/CMakeFiles/CMakeTmp

Run Build Command:"/usr/bin/make" "cmTC_35e23/fast"
/usr/bin/make -f CMakeFiles/cmTC_35e23.dir/build.make CMakeFiles/cmTC_35e23.dir/build
make[1]: Entering directory '/home/mayco/catkin_ws/build_isolated/rb1_base_gazebo/CMakeFiles/CMakeTmp'
Building C object CMakeFiles/cmTC_35e23.dir/CheckSymbolExists.c.o
/usr/bin/cc    -o CMakeFiles/cmTC_35e23.dir/CheckSymbolExists.c.o   -c /home/mayco/catkin_ws/build_isolated/rb1_base_gazebo/CMakeFiles/CMakeTmp/CheckSymbolExists.c
Linking C executable cmTC_35e23
/usr/bin/cmake -E cmake_link_script CMakeFiles/cmTC_35e23.dir/link.txt --verbose=1
/usr/bin/cc      -rdynamic CMakeFiles/cmTC_35e23.dir/CheckSymbolExists.c.o  -o cmTC_35e23 
CMakeFiles/cmTC_35e23.dir/CheckSymbolExists.c.o: In function `main':
CheckSymbolExists.c:(.text+0x1b): undefined reference to `pthread_create'
collect2: error: ld returned 1 exit status
CMakeFiles/cmTC_35e23.dir/build.make:97: recipe for target 'cmTC_35e23' failed
make[1]: *** [cmTC_35e23] Error 1
make[1]: Leaving directory '/home/mayco/catkin_ws/build_isolated/rb1_base_gazebo/CMakeFiles/CMakeTmp'
Makefile:126: recipe for target 'cmTC_35e23/fast' failed
make: *** [cmTC_35e23/fast] Error 2

File /home/mayco/catkin_ws/build_isolated/rb1_base_gazebo/CMakeFiles/CMakeTmp/CheckSymbolExists.c:
/* */
#include <pthread.h>

int main(int argc, char** argv)
{
  (void)argv;
#ifndef pthread_create
  return ((int*)(&pthread_create))[argc];
#else
  (void)argc;
  return 0;
#endif
}

Determining if the function pthread_create exists in the pthreads failed with the following output:
Change Dir: /home/mayco/catkin_ws/build_isolated/rb1_base_gazebo/CMakeFiles/CMakeTmp

Run Build Command:"/usr/bin/make" "cmTC_66784/fast"
/usr/bin/make -f CMakeFiles/cmTC_66784.dir/build.make CMakeFiles/cmTC_66784.dir/build
make[1]: Entering directory '/home/mayco/catkin_ws/build_isolated/rb1_base_gazebo/CMakeFiles/CMakeTmp'
Building C object CMakeFiles/cmTC_66784.dir/CheckFunctionExists.c.o
/usr/bin/cc   -DCHECK_FUNCTION_EXISTS=pthread_create   -o CMakeFiles/cmTC_66784.dir/CheckFunctionExists.c.o   -c /usr/share/cmake-3.10/Modules/CheckFunctionExists.c
Linking C executable cmTC_66784
/usr/bin/cmake -E cmake_link_script CMakeFiles/cmTC_66784.dir/link.txt --verbose=1
/usr/bin/cc  -DCHECK_FUNCTION_EXISTS=pthread_create    -rdynamic CMakeFiles/cmTC_66784.dir/CheckFunctionExists.c.o  -o cmTC_66784 -lpthreads 
/usr/bin/ld: cannot find -lpthreads
collect2: error: ld returned 1 exit status
CMakeFiles/cmTC_66784.dir/build.make:97: recipe for target 'cmTC_66784' failed
make[1]: *** [cmTC_66784] Error 1
make[1]: Leaving directory '/home/mayco/catkin_ws/build_isolated/rb1_base_gazebo/CMakeFiles/CMakeTmp'
Makefile:126: recipe for target 'cmTC_66784/fast' failed
make: *** [cmTC_66784/fast] Error 2


