Determining if the pthread_create exist failed with the following output:
Change Dir: /home/mayco/catkin_ws/build_isolated/costmap_2d/CMakeFiles/CMakeTmp

Run Build Command:"/usr/bin/make" "cmTC_ff7db/fast"
/usr/bin/make -f CMakeFiles/cmTC_ff7db.dir/build.make CMakeFiles/cmTC_ff7db.dir/build
make[1]: Entering directory '/home/mayco/catkin_ws/build_isolated/costmap_2d/CMakeFiles/CMakeTmp'
Building C object CMakeFiles/cmTC_ff7db.dir/CheckSymbolExists.c.o
/usr/bin/cc    -o CMakeFiles/cmTC_ff7db.dir/CheckSymbolExists.c.o   -c /home/mayco/catkin_ws/build_isolated/costmap_2d/CMakeFiles/CMakeTmp/CheckSymbolExists.c
Linking C executable cmTC_ff7db
/usr/bin/cmake -E cmake_link_script CMakeFiles/cmTC_ff7db.dir/link.txt --verbose=1
/usr/bin/cc      -rdynamic CMakeFiles/cmTC_ff7db.dir/CheckSymbolExists.c.o  -o cmTC_ff7db 
CMakeFiles/cmTC_ff7db.dir/CheckSymbolExists.c.o: In function `main':
CheckSymbolExists.c:(.text+0x1b): undefined reference to `pthread_create'
collect2: error: ld returned 1 exit status
CMakeFiles/cmTC_ff7db.dir/build.make:97: recipe for target 'cmTC_ff7db' failed
make[1]: *** [cmTC_ff7db] Error 1
make[1]: Leaving directory '/home/mayco/catkin_ws/build_isolated/costmap_2d/CMakeFiles/CMakeTmp'
Makefile:126: recipe for target 'cmTC_ff7db/fast' failed
make: *** [cmTC_ff7db/fast] Error 2

File /home/mayco/catkin_ws/build_isolated/costmap_2d/CMakeFiles/CMakeTmp/CheckSymbolExists.c:
/* */
#include <pthread.h>

int main(int argc, char** argv)
{
  (void)argv;
#ifndef pthread_create
  return ((int*)(&pthread_create))[argc];
#else
  (void)argc;
  return 0;
#endif
}

Determining if the function pthread_create exists in the pthreads failed with the following output:
Change Dir: /home/mayco/catkin_ws/build_isolated/costmap_2d/CMakeFiles/CMakeTmp

Run Build Command:"/usr/bin/make" "cmTC_ae40e/fast"
/usr/bin/make -f CMakeFiles/cmTC_ae40e.dir/build.make CMakeFiles/cmTC_ae40e.dir/build
make[1]: Entering directory '/home/mayco/catkin_ws/build_isolated/costmap_2d/CMakeFiles/CMakeTmp'
Building C object CMakeFiles/cmTC_ae40e.dir/CheckFunctionExists.c.o
/usr/bin/cc   -DCHECK_FUNCTION_EXISTS=pthread_create   -o CMakeFiles/cmTC_ae40e.dir/CheckFunctionExists.c.o   -c /usr/share/cmake-3.10/Modules/CheckFunctionExists.c
Linking C executable cmTC_ae40e
/usr/bin/cmake -E cmake_link_script CMakeFiles/cmTC_ae40e.dir/link.txt --verbose=1
/usr/bin/cc  -DCHECK_FUNCTION_EXISTS=pthread_create    -rdynamic CMakeFiles/cmTC_ae40e.dir/CheckFunctionExists.c.o  -o cmTC_ae40e -lpthreads 
/usr/bin/ld: cannot find -lpthreads
collect2: error: ld returned 1 exit status
CMakeFiles/cmTC_ae40e.dir/build.make:97: recipe for target 'cmTC_ae40e' failed
make[1]: *** [cmTC_ae40e] Error 1
make[1]: Leaving directory '/home/mayco/catkin_ws/build_isolated/costmap_2d/CMakeFiles/CMakeTmp'
Makefile:126: recipe for target 'cmTC_ae40e/fast' failed
make: *** [cmTC_ae40e/fast] Error 2


