Determining if the pthread_create exist failed with the following output:
Change Dir: /home/mayco/catkin_ws/build_isolated/rb1_sim_bringup/CMakeFiles/CMakeTmp

Run Build Command:"/usr/bin/make" "cmTC_b5cc6/fast"
/usr/bin/make -f CMakeFiles/cmTC_b5cc6.dir/build.make CMakeFiles/cmTC_b5cc6.dir/build
make[1]: Entering directory '/home/mayco/catkin_ws/build_isolated/rb1_sim_bringup/CMakeFiles/CMakeTmp'
Building C object CMakeFiles/cmTC_b5cc6.dir/CheckSymbolExists.c.o
/usr/bin/cc    -o CMakeFiles/cmTC_b5cc6.dir/CheckSymbolExists.c.o   -c /home/mayco/catkin_ws/build_isolated/rb1_sim_bringup/CMakeFiles/CMakeTmp/CheckSymbolExists.c
Linking C executable cmTC_b5cc6
/usr/bin/cmake -E cmake_link_script CMakeFiles/cmTC_b5cc6.dir/link.txt --verbose=1
/usr/bin/cc      -rdynamic CMakeFiles/cmTC_b5cc6.dir/CheckSymbolExists.c.o  -o cmTC_b5cc6 
CMakeFiles/cmTC_b5cc6.dir/CheckSymbolExists.c.o: In function `main':
CheckSymbolExists.c:(.text+0x1b): undefined reference to `pthread_create'
collect2: error: ld returned 1 exit status
CMakeFiles/cmTC_b5cc6.dir/build.make:97: recipe for target 'cmTC_b5cc6' failed
make[1]: *** [cmTC_b5cc6] Error 1
make[1]: Leaving directory '/home/mayco/catkin_ws/build_isolated/rb1_sim_bringup/CMakeFiles/CMakeTmp'
Makefile:126: recipe for target 'cmTC_b5cc6/fast' failed
make: *** [cmTC_b5cc6/fast] Error 2

File /home/mayco/catkin_ws/build_isolated/rb1_sim_bringup/CMakeFiles/CMakeTmp/CheckSymbolExists.c:
/* */
#include <pthread.h>

int main(int argc, char** argv)
{
  (void)argv;
#ifndef pthread_create
  return ((int*)(&pthread_create))[argc];
#else
  (void)argc;
  return 0;
#endif
}

Determining if the function pthread_create exists in the pthreads failed with the following output:
Change Dir: /home/mayco/catkin_ws/build_isolated/rb1_sim_bringup/CMakeFiles/CMakeTmp

Run Build Command:"/usr/bin/make" "cmTC_058ff/fast"
/usr/bin/make -f CMakeFiles/cmTC_058ff.dir/build.make CMakeFiles/cmTC_058ff.dir/build
make[1]: Entering directory '/home/mayco/catkin_ws/build_isolated/rb1_sim_bringup/CMakeFiles/CMakeTmp'
Building C object CMakeFiles/cmTC_058ff.dir/CheckFunctionExists.c.o
/usr/bin/cc   -DCHECK_FUNCTION_EXISTS=pthread_create   -o CMakeFiles/cmTC_058ff.dir/CheckFunctionExists.c.o   -c /usr/share/cmake-3.10/Modules/CheckFunctionExists.c
Linking C executable cmTC_058ff
/usr/bin/cmake -E cmake_link_script CMakeFiles/cmTC_058ff.dir/link.txt --verbose=1
/usr/bin/cc  -DCHECK_FUNCTION_EXISTS=pthread_create    -rdynamic CMakeFiles/cmTC_058ff.dir/CheckFunctionExists.c.o  -o cmTC_058ff -lpthreads 
/usr/bin/ld: cannot find -lpthreads
collect2: error: ld returned 1 exit status
CMakeFiles/cmTC_058ff.dir/build.make:97: recipe for target 'cmTC_058ff' failed
make[1]: *** [cmTC_058ff] Error 1
make[1]: Leaving directory '/home/mayco/catkin_ws/build_isolated/rb1_sim_bringup/CMakeFiles/CMakeTmp'
Makefile:126: recipe for target 'cmTC_058ff/fast' failed
make: *** [cmTC_058ff/fast] Error 2


