Determining if the pthread_create exist failed with the following output:
Change Dir: /home/mayco/catkin_ws/build_isolated/j2s7s300_ikfast/CMakeFiles/CMakeTmp

Run Build Command:"/usr/bin/make" "cmTC_485a4/fast"
/usr/bin/make -f CMakeFiles/cmTC_485a4.dir/build.make CMakeFiles/cmTC_485a4.dir/build
make[1]: Entering directory '/home/mayco/catkin_ws/build_isolated/j2s7s300_ikfast/CMakeFiles/CMakeTmp'
Building C object CMakeFiles/cmTC_485a4.dir/CheckSymbolExists.c.o
/usr/bin/cc    -o CMakeFiles/cmTC_485a4.dir/CheckSymbolExists.c.o   -c /home/mayco/catkin_ws/build_isolated/j2s7s300_ikfast/CMakeFiles/CMakeTmp/CheckSymbolExists.c
Linking C executable cmTC_485a4
/usr/bin/cmake -E cmake_link_script CMakeFiles/cmTC_485a4.dir/link.txt --verbose=1
/usr/bin/cc      -rdynamic CMakeFiles/cmTC_485a4.dir/CheckSymbolExists.c.o  -o cmTC_485a4 
CMakeFiles/cmTC_485a4.dir/CheckSymbolExists.c.o: In function `main':
CheckSymbolExists.c:(.text+0x1b): undefined reference to `pthread_create'
collect2: error: ld returned 1 exit status
CMakeFiles/cmTC_485a4.dir/build.make:97: recipe for target 'cmTC_485a4' failed
make[1]: *** [cmTC_485a4] Error 1
make[1]: Leaving directory '/home/mayco/catkin_ws/build_isolated/j2s7s300_ikfast/CMakeFiles/CMakeTmp'
Makefile:126: recipe for target 'cmTC_485a4/fast' failed
make: *** [cmTC_485a4/fast] Error 2

File /home/mayco/catkin_ws/build_isolated/j2s7s300_ikfast/CMakeFiles/CMakeTmp/CheckSymbolExists.c:
/* */
#include <pthread.h>

int main(int argc, char** argv)
{
  (void)argv;
#ifndef pthread_create
  return ((int*)(&pthread_create))[argc];
#else
  (void)argc;
  return 0;
#endif
}

Determining if the function pthread_create exists in the pthreads failed with the following output:
Change Dir: /home/mayco/catkin_ws/build_isolated/j2s7s300_ikfast/CMakeFiles/CMakeTmp

Run Build Command:"/usr/bin/make" "cmTC_63497/fast"
/usr/bin/make -f CMakeFiles/cmTC_63497.dir/build.make CMakeFiles/cmTC_63497.dir/build
make[1]: Entering directory '/home/mayco/catkin_ws/build_isolated/j2s7s300_ikfast/CMakeFiles/CMakeTmp'
Building C object CMakeFiles/cmTC_63497.dir/CheckFunctionExists.c.o
/usr/bin/cc   -DCHECK_FUNCTION_EXISTS=pthread_create   -o CMakeFiles/cmTC_63497.dir/CheckFunctionExists.c.o   -c /usr/share/cmake-3.10/Modules/CheckFunctionExists.c
Linking C executable cmTC_63497
/usr/bin/cmake -E cmake_link_script CMakeFiles/cmTC_63497.dir/link.txt --verbose=1
/usr/bin/cc  -DCHECK_FUNCTION_EXISTS=pthread_create    -rdynamic CMakeFiles/cmTC_63497.dir/CheckFunctionExists.c.o  -o cmTC_63497 -lpthreads 
/usr/bin/ld: cannot find -lpthreads
collect2: error: ld returned 1 exit status
CMakeFiles/cmTC_63497.dir/build.make:97: recipe for target 'cmTC_63497' failed
make[1]: *** [cmTC_63497] Error 1
make[1]: Leaving directory '/home/mayco/catkin_ws/build_isolated/j2s7s300_ikfast/CMakeFiles/CMakeTmp'
Makefile:126: recipe for target 'cmTC_63497/fast' failed
make: *** [cmTC_63497/fast] Error 2


